2018-10-20 12:38:06,218 WARNING file_cache is unavailable when using oauth2client >= 4.0.0 or google-auth
Traceback (most recent call last):
  File "C:\Users\Julian\Anaconda3\lib\site-packages\googleapiclient\discovery_cache\__init__.py", line 36, in autodetect
    from google.appengine.api import memcache
ModuleNotFoundError: No module named 'google.appengine'

During handling of the above exception, another exception occurred:

Traceback (most recent call last):
  File "C:\Users\Julian\Anaconda3\lib\site-packages\googleapiclient\discovery_cache\file_cache.py", line 33, in <module>
    from oauth2client.contrib.locked_file import LockedFile
ModuleNotFoundError: No module named 'oauth2client.contrib.locked_file'

During handling of the above exception, another exception occurred:

Traceback (most recent call last):
  File "C:\Users\Julian\Anaconda3\lib\site-packages\googleapiclient\discovery_cache\file_cache.py", line 37, in <module>
    from oauth2client.locked_file import LockedFile
ModuleNotFoundError: No module named 'oauth2client.locked_file'

During handling of the above exception, another exception occurred:

Traceback (most recent call last):
  File "C:\Users\Julian\Anaconda3\lib\site-packages\googleapiclient\discovery_cache\__init__.py", line 41, in autodetect
    from . import file_cache
  File "C:\Users\Julian\Anaconda3\lib\site-packages\googleapiclient\discovery_cache\file_cache.py", line 41, in <module>
    'file_cache is unavailable when using oauth2client >= 4.0.0 or google-auth')
ImportError: file_cache is unavailable when using oauth2client >= 4.0.0 or google-auth
2018-10-20 12:38:06,220 INFO URL being requested: GET https://www.googleapis.com/discovery/v1/apis/youtube/v3/rest
2018-10-20 12:38:07,485 INFO Loading old data from tedx-ytt-output.csv
2018-10-20 12:38:07,491 INFO ...done!
2018-10-20 12:38:07,491 INFO Getting data from youtube ...
2018-10-20 12:38:07,498 INFO URL being requested: GET https://www.googleapis.com/youtube/v3/videos?part=id%2Csnippet%2C+statistics&id=-NhZ4ioHb9E&key=AIzaSyCtwTLEto38mYTNtGciRwyKizhFaQv-Jcs&alt=json
2018-10-20 12:38:07,669 INFO URL being requested: GET https://www.googleapis.com/youtube/v3/videos?part=id%2Csnippet%2C+statistics&id=-guxUgF_eTU&key=AIzaSyCtwTLEto38mYTNtGciRwyKizhFaQv-Jcs&alt=json
2018-10-20 12:38:07,759 INFO URL being requested: GET https://www.googleapis.com/youtube/v3/videos?part=id%2Csnippet%2C+statistics&id=0NDL0AgRK0c&key=AIzaSyCtwTLEto38mYTNtGciRwyKizhFaQv-Jcs&alt=json
2018-10-20 12:38:07,870 INFO URL being requested: GET https://www.googleapis.com/youtube/v3/videos?part=id%2Csnippet%2C+statistics&id=0qVOUD76JOg&key=AIzaSyCtwTLEto38mYTNtGciRwyKizhFaQv-Jcs&alt=json
2018-10-20 12:38:07,969 INFO URL being requested: GET https://www.googleapis.com/youtube/v3/videos?part=id%2Csnippet%2C+statistics&id=13kgrPyNTfY&key=AIzaSyCtwTLEto38mYTNtGciRwyKizhFaQv-Jcs&alt=json
2018-10-20 12:38:08,047 INFO URL being requested: GET https://www.googleapis.com/youtube/v3/videos?part=id%2Csnippet%2C+statistics&id=2B91UE0gHps&key=AIzaSyCtwTLEto38mYTNtGciRwyKizhFaQv-Jcs&alt=json
2018-10-20 12:38:08,129 INFO URL being requested: GET https://www.googleapis.com/youtube/v3/videos?part=id%2Csnippet%2C+statistics&id=36186S-RsKY&key=AIzaSyCtwTLEto38mYTNtGciRwyKizhFaQv-Jcs&alt=json
2018-10-20 12:38:08,202 INFO URL being requested: GET https://www.googleapis.com/youtube/v3/videos?part=id%2Csnippet%2C+statistics&id=3DyrDKYhSi8&key=AIzaSyCtwTLEto38mYTNtGciRwyKizhFaQv-Jcs&alt=json
2018-10-20 12:38:08,282 INFO URL being requested: GET https://www.googleapis.com/youtube/v3/videos?part=id%2Csnippet%2C+statistics&id=3Xpj5Gj9pgo&key=AIzaSyCtwTLEto38mYTNtGciRwyKizhFaQv-Jcs&alt=json
2018-10-20 12:38:08,371 INFO URL being requested: GET https://www.googleapis.com/youtube/v3/videos?part=id%2Csnippet%2C+statistics&id=3_ZXhYD9QJg&key=AIzaSyCtwTLEto38mYTNtGciRwyKizhFaQv-Jcs&alt=json
2018-10-20 12:38:08,441 INFO URL being requested: GET https://www.googleapis.com/youtube/v3/videos?part=id%2Csnippet%2C+statistics&id=3uLp0C6G__w&key=AIzaSyCtwTLEto38mYTNtGciRwyKizhFaQv-Jcs&alt=json
2018-10-20 12:38:08,522 INFO URL being requested: GET https://www.googleapis.com/youtube/v3/videos?part=id%2Csnippet%2C+statistics&id=5SDZA06wO44&key=AIzaSyCtwTLEto38mYTNtGciRwyKizhFaQv-Jcs&alt=json
2018-10-20 12:38:08,602 INFO URL being requested: GET https://www.googleapis.com/youtube/v3/videos?part=id%2Csnippet%2C+statistics&id=5U6Cc1hmdY0&key=AIzaSyCtwTLEto38mYTNtGciRwyKizhFaQv-Jcs&alt=json
2018-10-20 12:38:08,676 INFO URL being requested: GET https://www.googleapis.com/youtube/v3/videos?part=id%2Csnippet%2C+statistics&id=5zFOUgtiZeQ&key=AIzaSyCtwTLEto38mYTNtGciRwyKizhFaQv-Jcs&alt=json
2018-10-20 12:38:08,754 INFO URL being requested: GET https://www.googleapis.com/youtube/v3/videos?part=id%2Csnippet%2C+statistics&id=62aI5Oy4S4g&key=AIzaSyCtwTLEto38mYTNtGciRwyKizhFaQv-Jcs&alt=json
2018-10-20 12:38:08,838 INFO URL being requested: GET https://www.googleapis.com/youtube/v3/videos?part=id%2Csnippet%2C+statistics&id=68LGsvpn7vk&key=AIzaSyCtwTLEto38mYTNtGciRwyKizhFaQv-Jcs&alt=json
2018-10-20 12:38:08,905 INFO URL being requested: GET https://www.googleapis.com/youtube/v3/videos?part=id%2Csnippet%2C+statistics&id=6MxbegZtAII&key=AIzaSyCtwTLEto38mYTNtGciRwyKizhFaQv-Jcs&alt=json
2018-10-20 12:38:08,991 INFO URL being requested: GET https://www.googleapis.com/youtube/v3/videos?part=id%2Csnippet%2C+statistics&id=76pnQkP-xG4&key=AIzaSyCtwTLEto38mYTNtGciRwyKizhFaQv-Jcs&alt=json
2018-10-20 12:38:09,076 INFO URL being requested: GET https://www.googleapis.com/youtube/v3/videos?part=id%2Csnippet%2C+statistics&id=CFHvNNcEIDo&key=AIzaSyCtwTLEto38mYTNtGciRwyKizhFaQv-Jcs&alt=json
2018-10-20 12:38:09,145 INFO URL being requested: GET https://www.googleapis.com/youtube/v3/videos?part=id%2Csnippet%2C+statistics&id=D6_J7FfgWVc&key=AIzaSyCtwTLEto38mYTNtGciRwyKizhFaQv-Jcs&alt=json
2018-10-20 12:38:09,225 INFO URL being requested: GET https://www.googleapis.com/youtube/v3/videos?part=id%2Csnippet%2C+statistics&id=Dbvp5LxY6Kw&key=AIzaSyCtwTLEto38mYTNtGciRwyKizhFaQv-Jcs&alt=json
2018-10-20 12:38:09,302 INFO URL being requested: GET https://www.googleapis.com/youtube/v3/videos?part=id%2Csnippet%2C+statistics&id=EJDpbsvWdsg&key=AIzaSyCtwTLEto38mYTNtGciRwyKizhFaQv-Jcs&alt=json
2018-10-20 12:38:09,375 INFO URL being requested: GET https://www.googleapis.com/youtube/v3/videos?part=id%2Csnippet%2C+statistics&id=FjBsr9w3-Gk&key=AIzaSyCtwTLEto38mYTNtGciRwyKizhFaQv-Jcs&alt=json
2018-10-20 12:38:09,453 INFO URL being requested: GET https://www.googleapis.com/youtube/v3/videos?part=id%2Csnippet%2C+statistics&id=HCjBM23nQ0s&key=AIzaSyCtwTLEto38mYTNtGciRwyKizhFaQv-Jcs&alt=json
2018-10-20 12:38:09,541 INFO URL being requested: GET https://www.googleapis.com/youtube/v3/videos?part=id%2Csnippet%2C+statistics&id=IDixuVrDABY&key=AIzaSyCtwTLEto38mYTNtGciRwyKizhFaQv-Jcs&alt=json
2018-10-20 12:38:09,627 INFO URL being requested: GET https://www.googleapis.com/youtube/v3/videos?part=id%2Csnippet%2C+statistics&id=IdRbCJzpIAM&key=AIzaSyCtwTLEto38mYTNtGciRwyKizhFaQv-Jcs&alt=json
2018-10-20 12:38:09,702 INFO URL being requested: GET https://www.googleapis.com/youtube/v3/videos?part=id%2Csnippet%2C+statistics&id=JR_DmkV4Jlw&key=AIzaSyCtwTLEto38mYTNtGciRwyKizhFaQv-Jcs&alt=json
2018-10-20 12:38:09,791 INFO URL being requested: GET https://www.googleapis.com/youtube/v3/videos?part=id%2Csnippet%2C+statistics&id=KCLdryjDl6E&key=AIzaSyCtwTLEto38mYTNtGciRwyKizhFaQv-Jcs&alt=json
2018-10-20 12:38:09,878 INFO URL being requested: GET https://www.googleapis.com/youtube/v3/videos?part=id%2Csnippet%2C+statistics&id=LQEbC8QfbyU&key=AIzaSyCtwTLEto38mYTNtGciRwyKizhFaQv-Jcs&alt=json
2018-10-20 12:38:09,963 INFO URL being requested: GET https://www.googleapis.com/youtube/v3/videos?part=id%2Csnippet%2C+statistics&id=LjQDLg_KuJg&key=AIzaSyCtwTLEto38mYTNtGciRwyKizhFaQv-Jcs&alt=json
2018-10-20 12:38:10,054 INFO URL being requested: GET https://www.googleapis.com/youtube/v3/videos?part=id%2Csnippet%2C+statistics&id=NG2CsLrCCY8&key=AIzaSyCtwTLEto38mYTNtGciRwyKizhFaQv-Jcs&alt=json
2018-10-20 12:38:10,132 INFO URL being requested: GET https://www.googleapis.com/youtube/v3/videos?part=id%2Csnippet%2C+statistics&id=NQ9uWbZ285Q&key=AIzaSyCtwTLEto38mYTNtGciRwyKizhFaQv-Jcs&alt=json
2018-10-20 12:38:10,210 INFO URL being requested: GET https://www.googleapis.com/youtube/v3/videos?part=id%2Csnippet%2C+statistics&id=NfpGHOu9TIY&key=AIzaSyCtwTLEto38mYTNtGciRwyKizhFaQv-Jcs&alt=json
2018-10-20 12:38:10,314 INFO URL being requested: GET https://www.googleapis.com/youtube/v3/videos?part=id%2Csnippet%2C+statistics&id=O54JCIDqWwM&key=AIzaSyCtwTLEto38mYTNtGciRwyKizhFaQv-Jcs&alt=json
2018-10-20 12:38:10,390 INFO URL being requested: GET https://www.googleapis.com/youtube/v3/videos?part=id%2Csnippet%2C+statistics&id=OE3mguWXRRU&key=AIzaSyCtwTLEto38mYTNtGciRwyKizhFaQv-Jcs&alt=json
2018-10-20 12:38:10,465 INFO URL being requested: GET https://www.googleapis.com/youtube/v3/videos?part=id%2Csnippet%2C+statistics&id=OKQ-mpv0tWI&key=AIzaSyCtwTLEto38mYTNtGciRwyKizhFaQv-Jcs&alt=json
2018-10-20 12:38:10,543 INFO URL being requested: GET https://www.googleapis.com/youtube/v3/videos?part=id%2Csnippet%2C+statistics&id=OiqnbYywGcI&key=AIzaSyCtwTLEto38mYTNtGciRwyKizhFaQv-Jcs&alt=json
2018-10-20 12:38:10,614 INFO URL being requested: GET https://www.googleapis.com/youtube/v3/videos?part=id%2Csnippet%2C+statistics&id=PpiVaGPyDG4&key=AIzaSyCtwTLEto38mYTNtGciRwyKizhFaQv-Jcs&alt=json
2018-10-20 12:38:10,681 INFO URL being requested: GET https://www.googleapis.com/youtube/v3/videos?part=id%2Csnippet%2C+statistics&id=TEQpfEb8vsE&key=AIzaSyCtwTLEto38mYTNtGciRwyKizhFaQv-Jcs&alt=json
2018-10-20 12:38:10,753 INFO URL being requested: GET https://www.googleapis.com/youtube/v3/videos?part=id%2Csnippet%2C+statistics&id=U5DoJ_jCt7E&key=AIzaSyCtwTLEto38mYTNtGciRwyKizhFaQv-Jcs&alt=json
2018-10-20 12:38:10,838 INFO URL being requested: GET https://www.googleapis.com/youtube/v3/videos?part=id%2Csnippet%2C+statistics&id=VxQ5R9-Jfm8&key=AIzaSyCtwTLEto38mYTNtGciRwyKizhFaQv-Jcs&alt=json
2018-10-20 12:38:10,916 INFO URL being requested: GET https://www.googleapis.com/youtube/v3/videos?part=id%2Csnippet%2C+statistics&id=WGPQM1J7Jcw&key=AIzaSyCtwTLEto38mYTNtGciRwyKizhFaQv-Jcs&alt=json
2018-10-20 12:38:10,997 INFO URL being requested: GET https://www.googleapis.com/youtube/v3/videos?part=id%2Csnippet%2C+statistics&id=XnQHVXMhzBo&key=AIzaSyCtwTLEto38mYTNtGciRwyKizhFaQv-Jcs&alt=json
2018-10-20 12:38:11,064 INFO URL being requested: GET https://www.googleapis.com/youtube/v3/videos?part=id%2Csnippet%2C+statistics&id=YPMD7iNZT24&key=AIzaSyCtwTLEto38mYTNtGciRwyKizhFaQv-Jcs&alt=json
2018-10-20 12:38:11,132 INFO URL being requested: GET https://www.googleapis.com/youtube/v3/videos?part=id%2Csnippet%2C+statistics&id=YTKgizpzmtQ&key=AIzaSyCtwTLEto38mYTNtGciRwyKizhFaQv-Jcs&alt=json
2018-10-20 12:38:11,212 INFO URL being requested: GET https://www.googleapis.com/youtube/v3/videos?part=id%2Csnippet%2C+statistics&id=Z2TQQhTx6EQ&key=AIzaSyCtwTLEto38mYTNtGciRwyKizhFaQv-Jcs&alt=json
2018-10-20 12:38:11,288 INFO URL being requested: GET https://www.googleapis.com/youtube/v3/videos?part=id%2Csnippet%2C+statistics&id=Zark1jrC7EU&key=AIzaSyCtwTLEto38mYTNtGciRwyKizhFaQv-Jcs&alt=json
2018-10-20 12:38:11,362 INFO URL being requested: GET https://www.googleapis.com/youtube/v3/videos?part=id%2Csnippet%2C+statistics&id=ab_yh2HoJ7o&key=AIzaSyCtwTLEto38mYTNtGciRwyKizhFaQv-Jcs&alt=json
2018-10-20 12:38:11,440 INFO URL being requested: GET https://www.googleapis.com/youtube/v3/videos?part=id%2Csnippet%2C+statistics&id=d_eaG5QcA_U&key=AIzaSyCtwTLEto38mYTNtGciRwyKizhFaQv-Jcs&alt=json
2018-10-20 12:38:11,511 INFO URL being requested: GET https://www.googleapis.com/youtube/v3/videos?part=id%2Csnippet%2C+statistics&id=fkxl1hSmb28&key=AIzaSyCtwTLEto38mYTNtGciRwyKizhFaQv-Jcs&alt=json
2018-10-20 12:38:11,574 INFO URL being requested: GET https://www.googleapis.com/youtube/v3/videos?part=id%2Csnippet%2C+statistics&id=g17OHKBm50I&key=AIzaSyCtwTLEto38mYTNtGciRwyKizhFaQv-Jcs&alt=json
2018-10-20 12:38:11,646 INFO URL being requested: GET https://www.googleapis.com/youtube/v3/videos?part=id%2Csnippet%2C+statistics&id=gPZc1fZcgL8&key=AIzaSyCtwTLEto38mYTNtGciRwyKizhFaQv-Jcs&alt=json
2018-10-20 12:38:11,727 INFO URL being requested: GET https://www.googleapis.com/youtube/v3/videos?part=id%2Csnippet%2C+statistics&id=gnK7Lg56DjI&key=AIzaSyCtwTLEto38mYTNtGciRwyKizhFaQv-Jcs&alt=json
2018-10-20 12:38:11,802 INFO URL being requested: GET https://www.googleapis.com/youtube/v3/videos?part=id%2Csnippet%2C+statistics&id=gxTkm3nwIQw&key=AIzaSyCtwTLEto38mYTNtGciRwyKizhFaQv-Jcs&alt=json
2018-10-20 12:38:11,875 INFO URL being requested: GET https://www.googleapis.com/youtube/v3/videos?part=id%2Csnippet%2C+statistics&id=iHOarnXZNqc&key=AIzaSyCtwTLEto38mYTNtGciRwyKizhFaQv-Jcs&alt=json
2018-10-20 12:38:11,947 INFO URL being requested: GET https://www.googleapis.com/youtube/v3/videos?part=id%2Csnippet%2C+statistics&id=iaemojsQDFw&key=AIzaSyCtwTLEto38mYTNtGciRwyKizhFaQv-Jcs&alt=json
2018-10-20 12:38:12,027 INFO URL being requested: GET https://www.googleapis.com/youtube/v3/videos?part=id%2Csnippet%2C+statistics&id=iq5SLf6xPFQ&key=AIzaSyCtwTLEto38mYTNtGciRwyKizhFaQv-Jcs&alt=json
2018-10-20 12:38:12,118 INFO URL being requested: GET https://www.googleapis.com/youtube/v3/videos?part=id%2Csnippet%2C+statistics&id=iuIisjRIcVI&key=AIzaSyCtwTLEto38mYTNtGciRwyKizhFaQv-Jcs&alt=json
2018-10-20 12:38:12,191 INFO URL being requested: GET https://www.googleapis.com/youtube/v3/videos?part=id%2Csnippet%2C+statistics&id=k_BVvupSChc&key=AIzaSyCtwTLEto38mYTNtGciRwyKizhFaQv-Jcs&alt=json
2018-10-20 12:38:12,273 INFO URL being requested: GET https://www.googleapis.com/youtube/v3/videos?part=id%2Csnippet%2C+statistics&id=ke4lI_1xCrU&key=AIzaSyCtwTLEto38mYTNtGciRwyKizhFaQv-Jcs&alt=json
2018-10-20 12:38:12,347 INFO URL being requested: GET https://www.googleapis.com/youtube/v3/videos?part=id%2Csnippet%2C+statistics&id=m-9z9M9dsq0&key=AIzaSyCtwTLEto38mYTNtGciRwyKizhFaQv-Jcs&alt=json
2018-10-20 12:38:12,423 INFO URL being requested: GET https://www.googleapis.com/youtube/v3/videos?part=id%2Csnippet%2C+statistics&id=m4w-FV6eERI&key=AIzaSyCtwTLEto38mYTNtGciRwyKizhFaQv-Jcs&alt=json
2018-10-20 12:38:12,497 INFO URL being requested: GET https://www.googleapis.com/youtube/v3/videos?part=id%2Csnippet%2C+statistics&id=mK6IdD4GXPo&key=AIzaSyCtwTLEto38mYTNtGciRwyKizhFaQv-Jcs&alt=json
2018-10-20 12:38:12,588 INFO URL being requested: GET https://www.googleapis.com/youtube/v3/videos?part=id%2Csnippet%2C+statistics&id=mxbfx7YXBIo&key=AIzaSyCtwTLEto38mYTNtGciRwyKizhFaQv-Jcs&alt=json
2018-10-20 12:38:12,660 INFO URL being requested: GET https://www.googleapis.com/youtube/v3/videos?part=id%2Csnippet%2C+statistics&id=myl722kHxbU&key=AIzaSyCtwTLEto38mYTNtGciRwyKizhFaQv-Jcs&alt=json
2018-10-20 12:38:12,732 INFO URL being requested: GET https://www.googleapis.com/youtube/v3/videos?part=id%2Csnippet%2C+statistics&id=q5Mc26ihCXc&key=AIzaSyCtwTLEto38mYTNtGciRwyKizhFaQv-Jcs&alt=json
2018-10-20 12:38:12,813 INFO URL being requested: GET https://www.googleapis.com/youtube/v3/videos?part=id%2Csnippet%2C+statistics&id=sRVxPE1cguo&key=AIzaSyCtwTLEto38mYTNtGciRwyKizhFaQv-Jcs&alt=json
2018-10-20 12:38:12,888 INFO URL being requested: GET https://www.googleapis.com/youtube/v3/videos?part=id%2Csnippet%2C+statistics&id=sfgTmRiGWWE&key=AIzaSyCtwTLEto38mYTNtGciRwyKizhFaQv-Jcs&alt=json
2018-10-20 12:38:12,957 INFO URL being requested: GET https://www.googleapis.com/youtube/v3/videos?part=id%2Csnippet%2C+statistics&id=w-QoDqBMe2k&key=AIzaSyCtwTLEto38mYTNtGciRwyKizhFaQv-Jcs&alt=json
2018-10-20 12:38:13,037 INFO URL being requested: GET https://www.googleapis.com/youtube/v3/videos?part=id%2Csnippet%2C+statistics&id=yY4gUvVYU8Q&key=AIzaSyCtwTLEto38mYTNtGciRwyKizhFaQv-Jcs&alt=json
2018-10-20 12:38:13,104 INFO ...done!
2018-10-20 12:38:13,110 INFO Saving data ...
2018-10-20 12:38:13,132 INFO ...done!
